<?xml version="1.0" encoding="UTF-8"?>
<testsuite xmlns:xsi="http://www.w3.org/2001/XMLSchema-instance" xsi:noNamespaceSchemaLocation="https://maven.apache.org/surefire/maven-surefire-plugin/xsd/surefire-test-report.xsd" name="com.samwolfson.pde2js.AppTest" time="0.043" tests="1" errors="0" skipped="0" failures="0">
  <properties>
    <property name="gopherProxySet" value="false"/>
    <property name="awt.toolkit" value="sun.lwawt.macosx.LWCToolkit"/>
    <property name="file.encoding.pkg" value="sun.io"/>
    <property name="java.specification.version" value="1.8"/>
    <property name="sun.cpu.isalist" value=""/>
    <property name="sun.jnu.encoding" value="UTF-8"/>
    <property name="java.class.path" value="/Users/samwolfson/IdeaProjects/pde2js/target/test-classes:/Users/samwolfson/IdeaProjects/pde2js/target/classes:/Users/samwolfson/.m2/repository/junit/junit/4.11/junit-4.11.jar:/Users/samwolfson/.m2/repository/org/hamcrest/hamcrest-core/1.3/hamcrest-core-1.3.jar:/Users/samwolfson/.m2/repository/com/github/javaparser/javaparser-symbol-solver-core/3.6.11/javaparser-symbol-solver-core-3.6.11.jar:/Users/samwolfson/.m2/repository/com/github/javaparser/javaparser-symbol-solver-logic/3.6.11/javaparser-symbol-solver-logic-3.6.11.jar:/Users/samwolfson/.m2/repository/org/javassist/javassist/3.22.0-GA/javassist-3.22.0-GA.jar:/Users/samwolfson/.m2/repository/com/github/javaparser/javaparser-symbol-solver-model/3.6.11/javaparser-symbol-solver-model-3.6.11.jar:/Users/samwolfson/.m2/repository/com/github/javaparser/javaparser-core/3.6.11/javaparser-core-3.6.11.jar:/Users/samwolfson/.m2/repository/com/google/guava/guava/23.4-jre/guava-23.4-jre.jar:/Users/samwolfson/.m2/repository/com/google/code/findbugs/jsr305/1.3.9/jsr305-1.3.9.jar:/Users/samwolfson/.m2/repository/com/google/errorprone/error_prone_annotations/2.0.18/error_prone_annotations-2.0.18.jar:/Users/samwolfson/.m2/repository/com/google/j2objc/j2objc-annotations/1.1/j2objc-annotations-1.1.jar:/Users/samwolfson/.m2/repository/org/codehaus/mojo/animal-sniffer-annotations/1.14/animal-sniffer-annotations-1.14.jar:/Users/samwolfson/.m2/repository/com/sparkjava/spark-core/2.7.2/spark-core-2.7.2.jar:/Users/samwolfson/.m2/repository/org/slf4j/slf4j-api/1.7.13/slf4j-api-1.7.13.jar:/Users/samwolfson/.m2/repository/org/eclipse/jetty/jetty-server/9.4.8.v20171121/jetty-server-9.4.8.v20171121.jar:/Users/samwolfson/.m2/repository/javax/servlet/javax.servlet-api/3.1.0/javax.servlet-api-3.1.0.jar:/Users/samwolfson/.m2/repository/org/eclipse/jetty/jetty-http/9.4.8.v20171121/jetty-http-9.4.8.v20171121.jar:/Users/samwolfson/.m2/repository/org/eclipse/jetty/jetty-util/9.4.8.v20171121/jetty-util-9.4.8.v20171121.jar:/Users/samwolfson/.m2/repository/org/eclipse/jetty/jetty-io/9.4.8.v20171121/jetty-io-9.4.8.v20171121.jar:/Users/samwolfson/.m2/repository/org/eclipse/jetty/jetty-webapp/9.4.8.v20171121/jetty-webapp-9.4.8.v20171121.jar:/Users/samwolfson/.m2/repository/org/eclipse/jetty/jetty-xml/9.4.8.v20171121/jetty-xml-9.4.8.v20171121.jar:/Users/samwolfson/.m2/repository/org/eclipse/jetty/jetty-servlet/9.4.8.v20171121/jetty-servlet-9.4.8.v20171121.jar:/Users/samwolfson/.m2/repository/org/eclipse/jetty/jetty-security/9.4.8.v20171121/jetty-security-9.4.8.v20171121.jar:/Users/samwolfson/.m2/repository/org/eclipse/jetty/websocket/websocket-server/9.4.8.v20171121/websocket-server-9.4.8.v20171121.jar:/Users/samwolfson/.m2/repository/org/eclipse/jetty/websocket/websocket-common/9.4.8.v20171121/websocket-common-9.4.8.v20171121.jar:/Users/samwolfson/.m2/repository/org/eclipse/jetty/websocket/websocket-client/9.4.8.v20171121/websocket-client-9.4.8.v20171121.jar:/Users/samwolfson/.m2/repository/org/eclipse/jetty/jetty-client/9.4.8.v20171121/jetty-client-9.4.8.v20171121.jar:/Users/samwolfson/.m2/repository/org/eclipse/jetty/websocket/websocket-servlet/9.4.8.v20171121/websocket-servlet-9.4.8.v20171121.jar:/Users/samwolfson/.m2/repository/org/eclipse/jetty/websocket/websocket-api/9.4.8.v20171121/websocket-api-9.4.8.v20171121.jar:/Users/samwolfson/.m2/repository/com/sparkjava/spark-template-handlebars/2.7.1/spark-template-handlebars-2.7.1.jar:/Users/samwolfson/.m2/repository/com/github/jknack/handlebars/4.0.6/handlebars-4.0.6.jar:/Users/samwolfson/.m2/repository/org/apache/commons/commons-lang3/3.1/commons-lang3-3.1.jar:/Users/samwolfson/.m2/repository/org/antlr/antlr4-runtime/4.5.1-1/antlr4-runtime-4.5.1-1.jar:/Users/samwolfson/.m2/repository/org/mozilla/rhino/1.7R4/rhino-1.7R4.jar:/Users/samwolfson/.m2/repository/com/github/jknack/handlebars-guava-cache/4.0.6/handlebars-guava-cache-4.0.6.jar:/Users/samwolfson/.m2/repository/javax/javaee-api/8.0/javaee-api-8.0.jar:/Users/samwolfson/.m2/repository/com/sun/mail/javax.mail/1.6.0/javax.mail-1.6.0.jar:/Users/samwolfson/.m2/repository/javax/activation/activation/1.1/activation-1.1.jar:/Users/samwolfson/.m2/repository/javax/json/javax.json-api/1.1.2/javax.json-api-1.1.2.jar:/Users/samwolfson/.m2/repository/org/glassfish/javax.json/1.1.2/javax.json-1.1.2.jar:"/>
    <property name="java.vm.vendor" value="Oracle Corporation"/>
    <property name="sun.arch.data.model" value="64"/>
    <property name="java.vendor.url" value="http://java.oracle.com/"/>
    <property name="user.timezone" value=""/>
    <property name="java.vm.specification.version" value="1.8"/>
    <property name="os.name" value="Mac OS X"/>
    <property name="user.country" value="US"/>
    <property name="sun.java.launcher" value="SUN_STANDARD"/>
    <property name="sun.boot.library.path" value="/Library/Java/JavaVirtualMachines/jdk1.8.0_151.jdk/Contents/Home/jre/lib"/>
    <property name="sun.java.command" value="/Users/samwolfson/IdeaProjects/pde2js/target/surefire/surefirebooter2014112207084773828.jar /Users/samwolfson/IdeaProjects/pde2js/target/surefire 2018-07-03T23-29-55_133-jvmRun1 surefire1788992848799794955tmp surefire_03042388111180467805tmp"/>
    <property name="http.nonProxyHosts" value="local|*.local|169.254/16|*.169.254/16"/>
    <property name="surefire.test.class.path" value="/Users/samwolfson/IdeaProjects/pde2js/target/test-classes:/Users/samwolfson/IdeaProjects/pde2js/target/classes:/Users/samwolfson/.m2/repository/junit/junit/4.11/junit-4.11.jar:/Users/samwolfson/.m2/repository/org/hamcrest/hamcrest-core/1.3/hamcrest-core-1.3.jar:/Users/samwolfson/.m2/repository/com/github/javaparser/javaparser-symbol-solver-core/3.6.11/javaparser-symbol-solver-core-3.6.11.jar:/Users/samwolfson/.m2/repository/com/github/javaparser/javaparser-symbol-solver-logic/3.6.11/javaparser-symbol-solver-logic-3.6.11.jar:/Users/samwolfson/.m2/repository/org/javassist/javassist/3.22.0-GA/javassist-3.22.0-GA.jar:/Users/samwolfson/.m2/repository/com/github/javaparser/javaparser-symbol-solver-model/3.6.11/javaparser-symbol-solver-model-3.6.11.jar:/Users/samwolfson/.m2/repository/com/github/javaparser/javaparser-core/3.6.11/javaparser-core-3.6.11.jar:/Users/samwolfson/.m2/repository/com/google/guava/guava/23.4-jre/guava-23.4-jre.jar:/Users/samwolfson/.m2/repository/com/google/code/findbugs/jsr305/1.3.9/jsr305-1.3.9.jar:/Users/samwolfson/.m2/repository/com/google/errorprone/error_prone_annotations/2.0.18/error_prone_annotations-2.0.18.jar:/Users/samwolfson/.m2/repository/com/google/j2objc/j2objc-annotations/1.1/j2objc-annotations-1.1.jar:/Users/samwolfson/.m2/repository/org/codehaus/mojo/animal-sniffer-annotations/1.14/animal-sniffer-annotations-1.14.jar:/Users/samwolfson/.m2/repository/com/sparkjava/spark-core/2.7.2/spark-core-2.7.2.jar:/Users/samwolfson/.m2/repository/org/slf4j/slf4j-api/1.7.13/slf4j-api-1.7.13.jar:/Users/samwolfson/.m2/repository/org/eclipse/jetty/jetty-server/9.4.8.v20171121/jetty-server-9.4.8.v20171121.jar:/Users/samwolfson/.m2/repository/javax/servlet/javax.servlet-api/3.1.0/javax.servlet-api-3.1.0.jar:/Users/samwolfson/.m2/repository/org/eclipse/jetty/jetty-http/9.4.8.v20171121/jetty-http-9.4.8.v20171121.jar:/Users/samwolfson/.m2/repository/org/eclipse/jetty/jetty-util/9.4.8.v20171121/jetty-util-9.4.8.v20171121.jar:/Users/samwolfson/.m2/repository/org/eclipse/jetty/jetty-io/9.4.8.v20171121/jetty-io-9.4.8.v20171121.jar:/Users/samwolfson/.m2/repository/org/eclipse/jetty/jetty-webapp/9.4.8.v20171121/jetty-webapp-9.4.8.v20171121.jar:/Users/samwolfson/.m2/repository/org/eclipse/jetty/jetty-xml/9.4.8.v20171121/jetty-xml-9.4.8.v20171121.jar:/Users/samwolfson/.m2/repository/org/eclipse/jetty/jetty-servlet/9.4.8.v20171121/jetty-servlet-9.4.8.v20171121.jar:/Users/samwolfson/.m2/repository/org/eclipse/jetty/jetty-security/9.4.8.v20171121/jetty-security-9.4.8.v20171121.jar:/Users/samwolfson/.m2/repository/org/eclipse/jetty/websocket/websocket-server/9.4.8.v20171121/websocket-server-9.4.8.v20171121.jar:/Users/samwolfson/.m2/repository/org/eclipse/jetty/websocket/websocket-common/9.4.8.v20171121/websocket-common-9.4.8.v20171121.jar:/Users/samwolfson/.m2/repository/org/eclipse/jetty/websocket/websocket-client/9.4.8.v20171121/websocket-client-9.4.8.v20171121.jar:/Users/samwolfson/.m2/repository/org/eclipse/jetty/jetty-client/9.4.8.v20171121/jetty-client-9.4.8.v20171121.jar:/Users/samwolfson/.m2/repository/org/eclipse/jetty/websocket/websocket-servlet/9.4.8.v20171121/websocket-servlet-9.4.8.v20171121.jar:/Users/samwolfson/.m2/repository/org/eclipse/jetty/websocket/websocket-api/9.4.8.v20171121/websocket-api-9.4.8.v20171121.jar:/Users/samwolfson/.m2/repository/com/sparkjava/spark-template-handlebars/2.7.1/spark-template-handlebars-2.7.1.jar:/Users/samwolfson/.m2/repository/com/github/jknack/handlebars/4.0.6/handlebars-4.0.6.jar:/Users/samwolfson/.m2/repository/org/apache/commons/commons-lang3/3.1/commons-lang3-3.1.jar:/Users/samwolfson/.m2/repository/org/antlr/antlr4-runtime/4.5.1-1/antlr4-runtime-4.5.1-1.jar:/Users/samwolfson/.m2/repository/org/mozilla/rhino/1.7R4/rhino-1.7R4.jar:/Users/samwolfson/.m2/repository/com/github/jknack/handlebars-guava-cache/4.0.6/handlebars-guava-cache-4.0.6.jar:/Users/samwolfson/.m2/repository/javax/javaee-api/8.0/javaee-api-8.0.jar:/Users/samwolfson/.m2/repository/com/sun/mail/javax.mail/1.6.0/javax.mail-1.6.0.jar:/Users/samwolfson/.m2/repository/javax/activation/activation/1.1/activation-1.1.jar:/Users/samwolfson/.m2/repository/javax/json/javax.json-api/1.1.2/javax.json-api-1.1.2.jar:/Users/samwolfson/.m2/repository/org/glassfish/javax.json/1.1.2/javax.json-1.1.2.jar:"/>
    <property name="sun.cpu.endian" value="little"/>
    <property name="user.home" value="/Users/samwolfson"/>
    <property name="user.language" value="en"/>
    <property name="java.specification.vendor" value="Oracle Corporation"/>
    <property name="java.home" value="/Library/Java/JavaVirtualMachines/jdk1.8.0_151.jdk/Contents/Home/jre"/>
    <property name="basedir" value="/Users/samwolfson/IdeaProjects/pde2js"/>
    <property name="file.separator" value="/"/>
    <property name="line.separator" value="&#10;"/>
    <property name="java.vm.specification.vendor" value="Oracle Corporation"/>
    <property name="java.specification.name" value="Java Platform API Specification"/>
    <property name="java.awt.graphicsenv" value="sun.awt.CGraphicsEnvironment"/>
    <property name="surefire.real.class.path" value="/Users/samwolfson/IdeaProjects/pde2js/target/surefire/surefirebooter2014112207084773828.jar"/>
    <property name="sun.boot.class.path" value="/Library/Java/JavaVirtualMachines/jdk1.8.0_151.jdk/Contents/Home/jre/lib/resources.jar:/Library/Java/JavaVirtualMachines/jdk1.8.0_151.jdk/Contents/Home/jre/lib/rt.jar:/Library/Java/JavaVirtualMachines/jdk1.8.0_151.jdk/Contents/Home/jre/lib/sunrsasign.jar:/Library/Java/JavaVirtualMachines/jdk1.8.0_151.jdk/Contents/Home/jre/lib/jsse.jar:/Library/Java/JavaVirtualMachines/jdk1.8.0_151.jdk/Contents/Home/jre/lib/jce.jar:/Library/Java/JavaVirtualMachines/jdk1.8.0_151.jdk/Contents/Home/jre/lib/charsets.jar:/Library/Java/JavaVirtualMachines/jdk1.8.0_151.jdk/Contents/Home/jre/lib/jfr.jar:/Library/Java/JavaVirtualMachines/jdk1.8.0_151.jdk/Contents/Home/jre/classes"/>
    <property name="sun.management.compiler" value="HotSpot 64-Bit Tiered Compilers"/>
    <property name="ftp.nonProxyHosts" value="local|*.local|169.254/16|*.169.254/16"/>
    <property name="java.runtime.version" value="1.8.0_151-b12"/>
    <property name="user.name" value="samwolfson"/>
    <property name="path.separator" value=":"/>
    <property name="os.version" value="10.13.5"/>
    <property name="java.endorsed.dirs" value="/Library/Java/JavaVirtualMachines/jdk1.8.0_151.jdk/Contents/Home/jre/lib/endorsed"/>
    <property name="java.runtime.name" value="Java(TM) SE Runtime Environment"/>
    <property name="file.encoding" value="UTF-8"/>
    <property name="java.vm.name" value="Java HotSpot(TM) 64-Bit Server VM"/>
    <property name="localRepository" value="/Users/samwolfson/.m2/repository"/>
    <property name="java.vendor.url.bug" value="http://bugreport.sun.com/bugreport/"/>
    <property name="java.io.tmpdir" value="/var/folders/7f/z65spjpn7394w6qb_xhb4kb40000gn/T/"/>
    <property name="java.version" value="1.8.0_151"/>
    <property name="user.dir" value="/Users/samwolfson/IdeaProjects/pde2js"/>
    <property name="os.arch" value="x86_64"/>
    <property name="java.vm.specification.name" value="Java Virtual Machine Specification"/>
    <property name="java.awt.printerjob" value="sun.lwawt.macosx.CPrinterJob"/>
    <property name="sun.os.patch.level" value="unknown"/>
    <property name="java.library.path" value="/Users/samwolfson/Library/Java/Extensions:/Library/Java/Extensions:/Network/Library/Java/Extensions:/System/Library/Java/Extensions:/usr/lib/java:."/>
    <property name="java.vm.info" value="mixed mode"/>
    <property name="java.vendor" value="Oracle Corporation"/>
    <property name="java.vm.version" value="25.151-b12"/>
    <property name="java.ext.dirs" value="/Users/samwolfson/Library/Java/Extensions:/Library/Java/JavaVirtualMachines/jdk1.8.0_151.jdk/Contents/Home/jre/lib/ext:/Library/Java/Extensions:/Network/Library/Java/Extensions:/System/Library/Java/Extensions:/usr/lib/java"/>
    <property name="sun.io.unicode.encoding" value="UnicodeBig"/>
    <property name="java.class.version" value="52.0"/>
    <property name="socksNonProxyHosts" value="local|*.local|169.254/16|*.169.254/16"/>
  </properties>
  <testcase name="shouldAnswerWithTrue" classname="com.samwolfson.pde2js.AppTest" time="0.002"/>
</testsuite>